<?xml version="1.0" encoding="UTF-8"?>
<testsuite name="org.ups.citasaludservice.functional.CucumberRunner" tests="6" skipped="0" failures="0" errors="0" timestamp="2026-07-06T03:59:23.587Z" hostname="MacBook-Pro-de-Brando.local" time="2.324">
  <properties/>
  <testcase name="US1-AC1 - Cambio de estado visible en portal" classname="org.ups.citasaludservice.functional.CucumberRunner" time="2.186"/>
  <testcase name="US1-AC3 - Listado muestra estado de cada propiedad" classname="org.ups.citasaludservice.functional.CucumberRunner" time="0.068"/>
  <testcase name="US2-AC1 - Propiedad reservada bloquea agendamiento de visita" classname="org.ups.citasaludservice.functional.CucumberRunner" time="0.009"/>
  <testcase name="US2-AC2 - Revertir reserva habilita agendamiento" classname="org.ups.citasaludservice.functional.CucumberRunner" time="0.012"/>
  <testcase name="US3-AC1 - Propiedad vendida oculta todas las opciones de contacto" classname="org.ups.citasaludservice.functional.CucumberRunner" time="0.008"/>
  <testcase name="US3-AC2 - Transición desde estado VENDIDA es rechazada con HTTP 400" classname="org.ups.citasaludservice.functional.CucumberRunner" time="0.011"/>
  <system-out><![CDATA[22:59:23.657 [Test worker] INFO org.springframework.test.context.support.AnnotationConfigContextLoaderUtils -- Could not detect default configuration classes for test class [org.ups.citasaludservice.functional.CucumberSpringConfiguration]: CucumberSpringConfiguration does not declare any static, non-private, non-final, nested classes annotated with @Configuration.
22:59:23.705 [Test worker] INFO org.springframework.boot.test.context.SpringBootTestContextBootstrapper -- Found @SpringBootConfiguration org.ups.citasaludservice.CitasaludServiceApplication for test class org.ups.citasaludservice.functional.CucumberSpringConfiguration
22:59:23.736 [Test worker] INFO org.springframework.test.context.support.AnnotationConfigContextLoaderUtils -- Could not detect default configuration classes for test class [org.ups.citasaludservice.functional.CucumberSpringConfiguration]: CucumberSpringConfiguration does not declare any static, non-private, non-final, nested classes annotated with @Configuration.
22:59:23.737 [Test worker] INFO org.springframework.boot.test.context.SpringBootTestContextBootstrapper -- Found @SpringBootConfiguration org.ups.citasaludservice.CitasaludServiceApplication for test class org.ups.citasaludservice.functional.CucumberSpringConfiguration

  .   ____          _            __ _ _
 /\\ / ___'_ __ _ _(_)_ __  __ _ \ \ \ \
( ( )\___ | '_ | '_| | '_ \/ _` | \ \ \ \
 \\/  ___)| |_)| | | | | || (_| |  ) ) ) )
  '  |____| .__|_| |_|_| |_\__, | / / / /
 =========|_|==============|___/=/_/_/_/

 :: Spring Boot ::                (v4.1.0)

2026-07-05T22:59:23.868-05:00  INFO 64457 --- [citasalud-service] [    Test worker] o.u.c.f.CucumberSpringConfiguration      : Starting CucumberSpringConfiguration using Java 26.0.1 with PID 64457 (started by brando in /Users/brando/Desktop/Maestria-Software/Ingenieria-Software/Unidad-3-Practica/citasalud-service)
2026-07-05T22:59:23.869-05:00  INFO 64457 --- [citasalud-service] [    Test worker] o.u.c.f.CucumberSpringConfiguration      : No active profile set, falling back to 1 default profile: "default"
2026-07-05T22:59:24.110-05:00  INFO 64457 --- [citasalud-service] [    Test worker] .s.d.r.c.RepositoryConfigurationDelegate : Bootstrapping Spring Data JPA repositories in DEFAULT mode.
2026-07-05T22:59:24.135-05:00  INFO 64457 --- [citasalud-service] [    Test worker] .s.d.r.c.RepositoryConfigurationDelegate : Finished Spring Data repository scanning in 21 ms. Found 1 JPA repository interface.
2026-07-05T22:59:24.347-05:00  INFO 64457 --- [citasalud-service] [    Test worker] o.s.boot.tomcat.TomcatWebServer          : Tomcat initialized with port 0 (http)
2026-07-05T22:59:24.352-05:00  INFO 64457 --- [citasalud-service] [    Test worker] o.apache.catalina.core.StandardService   : Starting service [Tomcat]
2026-07-05T22:59:24.353-05:00  INFO 64457 --- [citasalud-service] [    Test worker] o.apache.catalina.core.StandardEngine    : Starting Servlet engine: [Apache Tomcat/11.0.22]
2026-07-05T22:59:24.372-05:00  INFO 64457 --- [citasalud-service] [    Test worker] b.w.c.s.WebApplicationContextInitializer : Root WebApplicationContext: initialization completed in 496 ms
2026-07-05T22:59:24.413-05:00  INFO 64457 --- [citasalud-service] [    Test worker] com.zaxxer.hikari.HikariDataSource       : HikariPool-1 - Starting...
2026-07-05T22:59:24.488-05:00  INFO 64457 --- [citasalud-service] [    Test worker] com.zaxxer.hikari.pool.HikariPool        : HikariPool-1 - Added connection conn0: url=jdbc:h2:mem:citasaluddb user=SA
2026-07-05T22:59:24.489-05:00  INFO 64457 --- [citasalud-service] [    Test worker] com.zaxxer.hikari.HikariDataSource       : HikariPool-1 - Start completed.
2026-07-05T22:59:24.542-05:00  INFO 64457 --- [citasalud-service] [    Test worker] org.hibernate.orm.jpa                    : HHH008540: Processing PersistenceUnitInfo [name: default]
2026-07-05T22:59:24.569-05:00  INFO 64457 --- [citasalud-service] [    Test worker] org.hibernate.orm.core                   : HHH000001: Hibernate ORM core version 7.4.1.Final
2026-07-05T22:59:24.722-05:00  INFO 64457 --- [citasalud-service] [    Test worker] o.s.o.j.p.SpringPersistenceUnitInfo      : No LoadTimeWeaver setup: ignoring JPA class transformer
2026-07-05T22:59:24.755-05:00  INFO 64457 --- [citasalud-service] [    Test worker] org.hibernate.orm.connections.pooling    : HHH10001005: Database info:
	Database JDBC URL [jdbc:h2:mem:citasaluddb]
	Database driver: H2 JDBC Driver
	Database dialect: H2Dialect
	Database version: 2.4.240
	Default catalog/schema: CITASALUDDB/PUBLIC
	Autocommit mode: undefined/unknown
	Isolation level: READ_COMMITTED [default READ_COMMITTED]
	JDBC fetch size: 100
	Pool: DataSourceConnectionProvider
	Minimum pool size: undefined/unknown
	Maximum pool size: undefined/unknown
2026-07-05T22:59:25.030-05:00  INFO 64457 --- [citasalud-service] [    Test worker] org.hibernate.orm.core                   : HHH000489: No JTA platform available (set 'hibernate.transaction.jta.platform' to enable JTA platform integration)
2026-07-05T22:59:25.033-05:00  INFO 64457 --- [citasalud-service] [    Test worker] j.LocalContainerEntityManagerFactoryBean : Initialized JPA EntityManagerFactory for persistence unit 'default'
2026-07-05T22:59:25.067-05:00  INFO 64457 --- [citasalud-service] [    Test worker] o.s.d.j.r.query.QueryEnhancerFactories   : Hibernate is in classpath; If applicable, HQL parser will be used.
2026-07-05T22:59:25.133-05:00  INFO 64457 --- [citasalud-service] [    Test worker] o.s.v.b.OptionalValidatorFactoryBean     : Failed to set up a Bean Validation provider: jakarta.validation.NoProviderFoundException: Unable to create a Configuration, because no Jakarta Validation provider could be found. Add a provider like Hibernate Validator (RI) to your classpath.
2026-07-05T22:59:25.347-05:00  INFO 64457 --- [citasalud-service] [    Test worker] o.s.boot.tomcat.TomcatWebServer          : Tomcat started on port 63223 (http) with context path '/'
2026-07-05T22:59:25.350-05:00  INFO 64457 --- [citasalud-service] [    Test worker] o.u.c.f.CucumberSpringConfiguration      : Started CucumberSpringConfiguration in 1.595 seconds (process running for 2.265)
2026-07-05T22:59:25.632-05:00  INFO 64457 --- [citasalud-service] [o-auto-1-exec-1] o.a.c.c.C.[Tomcat].[localhost].[/]       : Initializing Spring DispatcherServlet 'dispatcherServlet'
2026-07-05T22:59:25.632-05:00  INFO 64457 --- [citasalud-service] [o-auto-1-exec-1] o.s.web.servlet.DispatcherServlet        : Initializing Servlet 'dispatcherServlet'
2026-07-05T22:59:25.632-05:00  INFO 64457 --- [citasalud-service] [o-auto-1-exec-1] o.s.web.servlet.DispatcherServlet        : Completed initialization in 0 ms
2026-07-05T22:59:25.803-05:00  INFO 64457 --- [citasalud-service] [    Test worker] t.c.s.AnnotationConfigContextLoaderUtils : Could not detect default configuration classes for test class [org.ups.citasaludservice.functional.CucumberSpringConfiguration]: CucumberSpringConfiguration does not declare any static, non-private, non-final, nested classes annotated with @Configuration.
2026-07-05T22:59:25.804-05:00  INFO 64457 --- [citasalud-service] [    Test worker] .b.t.c.SpringBootTestContextBootstrapper : Found @SpringBootConfiguration org.ups.citasaludservice.CitasaludServiceApplication for test class org.ups.citasaludservice.functional.CucumberSpringConfiguration
2026-07-05T22:59:25.805-05:00  INFO 64457 --- [citasalud-service] [    Test worker] t.c.s.AnnotationConfigContextLoaderUtils : Could not detect default configuration classes for test class [org.ups.citasaludservice.functional.CucumberSpringConfiguration]: CucumberSpringConfiguration does not declare any static, non-private, non-final, nested classes annotated with @Configuration.
2026-07-05T22:59:25.805-05:00  INFO 64457 --- [citasalud-service] [    Test worker] .b.t.c.SpringBootTestContextBootstrapper : Found @SpringBootConfiguration org.ups.citasaludservice.CitasaludServiceApplication for test class org.ups.citasaludservice.functional.CucumberSpringConfiguration
2026-07-05T22:59:25.871-05:00  INFO 64457 --- [citasalud-service] [    Test worker] t.c.s.AnnotationConfigContextLoaderUtils : Could not detect default configuration classes for test class [org.ups.citasaludservice.functional.CucumberSpringConfiguration]: CucumberSpringConfiguration does not declare any static, non-private, non-final, nested classes annotated with @Configuration.
2026-07-05T22:59:25.872-05:00  INFO 64457 --- [citasalud-service] [    Test worker] .b.t.c.SpringBootTestContextBootstrapper : Found @SpringBootConfiguration org.ups.citasaludservice.CitasaludServiceApplication for test class org.ups.citasaludservice.functional.CucumberSpringConfiguration
2026-07-05T22:59:25.872-05:00  INFO 64457 --- [citasalud-service] [    Test worker] t.c.s.AnnotationConfigContextLoaderUtils : Could not detect default configuration classes for test class [org.ups.citasaludservice.functional.CucumberSpringConfiguration]: CucumberSpringConfiguration does not declare any static, non-private, non-final, nested classes annotated with @Configuration.
2026-07-05T22:59:25.873-05:00  INFO 64457 --- [citasalud-service] [    Test worker] .b.t.c.SpringBootTestContextBootstrapper : Found @SpringBootConfiguration org.ups.citasaludservice.CitasaludServiceApplication for test class org.ups.citasaludservice.functional.CucumberSpringConfiguration
2026-07-05T22:59:25.881-05:00  INFO 64457 --- [citasalud-service] [    Test worker] t.c.s.AnnotationConfigContextLoaderUtils : Could not detect default configuration classes for test class [org.ups.citasaludservice.functional.CucumberSpringConfiguration]: CucumberSpringConfiguration does not declare any static, non-private, non-final, nested classes annotated with @Configuration.
2026-07-05T22:59:25.881-05:00  INFO 64457 --- [citasalud-service] [    Test worker] .b.t.c.SpringBootTestContextBootstrapper : Found @SpringBootConfiguration org.ups.citasaludservice.CitasaludServiceApplication for test class org.ups.citasaludservice.functional.CucumberSpringConfiguration
2026-07-05T22:59:25.881-05:00  INFO 64457 --- [citasalud-service] [    Test worker] t.c.s.AnnotationConfigContextLoaderUtils : Could not detect default configuration classes for test class [org.ups.citasaludservice.functional.CucumberSpringConfiguration]: CucumberSpringConfiguration does not declare any static, non-private, non-final, nested classes annotated with @Configuration.
2026-07-05T22:59:25.882-05:00  INFO 64457 --- [citasalud-service] [    Test worker] .b.t.c.SpringBootTestContextBootstrapper : Found @SpringBootConfiguration org.ups.citasaludservice.CitasaludServiceApplication for test class org.ups.citasaludservice.functional.CucumberSpringConfiguration
2026-07-05T22:59:25.892-05:00  INFO 64457 --- [citasalud-service] [    Test worker] t.c.s.AnnotationConfigContextLoaderUtils : Could not detect default configuration classes for test class [org.ups.citasaludservice.functional.CucumberSpringConfiguration]: CucumberSpringConfiguration does not declare any static, non-private, non-final, nested classes annotated with @Configuration.
2026-07-05T22:59:25.893-05:00  INFO 64457 --- [citasalud-service] [    Test worker] .b.t.c.SpringBootTestContextBootstrapper : Found @SpringBootConfiguration org.ups.citasaludservice.CitasaludServiceApplication for test class org.ups.citasaludservice.functional.CucumberSpringConfiguration
2026-07-05T22:59:25.893-05:00  INFO 64457 --- [citasalud-service] [    Test worker] t.c.s.AnnotationConfigContextLoaderUtils : Could not detect default configuration classes for test class [org.ups.citasaludservice.functional.CucumberSpringConfiguration]: CucumberSpringConfiguration does not declare any static, non-private, non-final, nested classes annotated with @Configuration.
2026-07-05T22:59:25.893-05:00  INFO 64457 --- [citasalud-service] [    Test worker] .b.t.c.SpringBootTestContextBootstrapper : Found @SpringBootConfiguration org.ups.citasaludservice.CitasaludServiceApplication for test class org.ups.citasaludservice.functional.CucumberSpringConfiguration
2026-07-05T22:59:25.900-05:00  INFO 64457 --- [citasalud-service] [    Test worker] t.c.s.AnnotationConfigContextLoaderUtils : Could not detect default configuration classes for test class [org.ups.citasaludservice.functional.CucumberSpringConfiguration]: CucumberSpringConfiguration does not declare any static, non-private, non-final, nested classes annotated with @Configuration.
2026-07-05T22:59:25.901-05:00  INFO 64457 --- [citasalud-service] [    Test worker] .b.t.c.SpringBootTestContextBootstrapper : Found @SpringBootConfiguration org.ups.citasaludservice.CitasaludServiceApplication for test class org.ups.citasaludservice.functional.CucumberSpringConfiguration
2026-07-05T22:59:25.901-05:00  INFO 64457 --- [citasalud-service] [    Test worker] t.c.s.AnnotationConfigContextLoaderUtils : Could not detect default configuration classes for test class [org.ups.citasaludservice.functional.CucumberSpringConfiguration]: CucumberSpringConfiguration does not declare any static, non-private, non-final, nested classes annotated with @Configuration.
2026-07-05T22:59:25.901-05:00  INFO 64457 --- [citasalud-service] [    Test worker] .b.t.c.SpringBootTestContextBootstrapper : Found @SpringBootConfiguration org.ups.citasaludservice.CitasaludServiceApplication for test class org.ups.citasaludservice.functional.CucumberSpringConfiguration
]]></system-out>
  <system-err><![CDATA[Mockito is currently self-attaching to enable the inline-mock-maker. This will no longer work in future releases of the JDK. Please add Mockito as an agent to your build as described in Mockito's documentation: https://javadoc.io/doc/org.mockito/mockito-core/latest/org.mockito/org/mockito/Mockito.html#0.3
WARNING: A Java agent has been loaded dynamically (/Users/brando/.gradle/caches/modules-2/files-2.1/net.bytebuddy/byte-buddy-agent/1.18.10/9426d28828bdcdf42666bb7a68c468279ea78f59/byte-buddy-agent-1.18.10.jar)
WARNING: If a serviceability tool is in use, please run with -XX:+EnableDynamicAgentLoading to hide this warning
WARNING: If a serviceability tool is not in use, please run with -Djdk.instrument.traceUsage for more information
WARNING: Dynamic loading of agents will be disallowed by default in a future release
]]></system-err>
</testsuite>
